# JRE version: OpenJDK Runtime Environment (8.0_181-b13) (build 1.8.0_181-8u181-b13-0ubuntu0.16.04.1-b13)
# Java VM: OpenJDK 64-Bit Server VM (25.181-b13 mixed mode linux-amd64 compressed oops)
Heap:
 PSYoungGen      total 931840K, used 540174K [0x000000076ab00000, 0x00000007c0000000, 0x00000007c0000000)
  eden space 465920K, 100% used [0x000000076ab00000,0x0000000787200000,0x0000000787200000)
  from space 465920K, 15% used [0x0000000787200000,0x000000078ba83848,0x00000007a3900000)
  to   space 465920K, 0% used [0x00000007a3900000,0x00000007a3900000,0x00000007c0000000)
 ParOldGen       total 2796544K, used 2796209K [0x00000006c0000000, 0x000000076ab00000, 0x000000076ab00000)
  object space 2796544K, 99% used [0x00000006c0000000,0x000000076aaac400,0x000000076ab00000)
 Metaspace       used 5131K, capacity 5254K, committed 5504K, reserved 1056768K
  class space    used 574K, capacity 625K, committed 640K, reserved 1048576K
GC Heap History (10 events):
Event: 26.109 GC heap after
Heap after GC invocations=23 (full 7):
 PSYoungGen      total 931840K, used 162258K [0x000000076ab00000, 0x00000007c0000000, 0x00000007c0000000)
  eden space 465920K, 0% used [0x000000076ab00000,0x000000076ab00000,0x0000000787200000)
  from space 465920K, 34% used [0x0000000787200000,0x0000000791074be8,0x00000007a3900000)
  to   space 465920K, 0% used [0x00000007a3900000,0x00000007a3900000,0x00000007c0000000)
 ParOldGen       total 2519552K, used 1905286K [0x00000006c0000000, 0x0000000759c80000, 0x000000076ab00000)
  object space 2519552K, 75% used [0x00000006c0000000,0x00000007344a1998,0x0000000759c80000)
 Metaspace       used 5131K, capacity 5254K, committed 5504K, reserved 1056768K
  class space    used 574K, capacity 625K, committed 640K, reserved 1048576K
}
Event: 26.268 GC heap before
{Heap before GC invocations=24 (full 7):
 PSYoungGen      total 931840K, used 628178K [0x000000076ab00000, 0x00000007c0000000, 0x00000007c0000000)
  eden space 465920K, 100% used [0x000000076ab00000,0x0000000787200000,0x0000000787200000)
  from space 465920K, 34% used [0x0000000787200000,0x0000000791074be8,0x00000007a3900000)
  to   space 465920K, 0% used [0x00000007a3900000,0x00000007a3900000,0x00000007c0000000)
 ParOldGen       total 2519552K, used 1905286K [0x00000006c0000000, 0x0000000759c80000, 0x000000076ab00000)
  object space 2519552K, 75% used [0x00000006c0000000,0x00000007344a1998,0x0000000759c80000)
 Metaspace       used 5131K, capacity 5254K, committed 5504K, reserved 1056768K
  class space    used 574K, capacity 625K, committed 640K, reserved 1048576K
Event: 26.854 GC heap after
Heap after GC invocations=24 (full 7):
 PSYoungGen      total 931840K, used 267936K [0x000000076ab00000, 0x00000007c0000000, 0x00000007c0000000)
  eden space 465920K, 0% used [0x000000076ab00000,0x000000076ab00000,0x0000000787200000)
  from space 465920K, 57% used [0x00000007a3900000,0x00000007b3ea8000,0x00000007c0000000)
  to   space 465920K, 0% used [0x0000000787200000,0x0000000787200000,0x00000007a3900000)
 ParOldGen       total 2519552K, used 2068358K [0x00000006c0000000, 0x0000000759c80000, 0x000000076ab00000)
  object space 2519552K, 82% used [0x00000006c0000000,0x000000073e3e1998,0x0000000759c80000)
 Metaspace       used 5131K, capacity 5254K, committed 5504K, reserved 1056768K
  class space    used 574K, capacity 625K, committed 640K, reserved 1048576K
}
Event: 27.011 GC heap before
{Heap before GC invocations=25 (full 7):
 PSYoungGen      total 931840K, used 733856K [0x000000076ab00000, 0x00000007c0000000, 0x00000007c0000000)
  eden space 465920K, 100% used [0x000000076ab00000,0x0000000787200000,0x0000000787200000)
  from space 465920K, 57% used [0x00000007a3900000,0x00000007b3ea8000,0x00000007c0000000)
  to   space 465920K, 0% used [0x0000000787200000,0x0000000787200000,0x00000007a3900000)
 ParOldGen       total 2519552K, used 2068358K [0x00000006c0000000, 0x0000000759c80000, 0x000000076ab00000)
  object space 2519552K, 82% used [0x00000006c0000000,0x000000073e3e1998,0x0000000759c80000)
 Metaspace       used 5131K, capacity 5254K, committed 5504K, reserved 1056768K
  class space    used 574K, capacity 625K, committed 640K, reserved 1048576K
Event: 27.554 GC heap after
Heap after GC invocations=25 (full 7):
 PSYoungGen      total 931840K, used 267904K [0x000000076ab00000, 0x00000007c0000000, 0x00000007c0000000)
  eden space 465920K, 0% used [0x000000076ab00000,0x000000076ab00000,0x0000000787200000)
  from space 465920K, 57% used [0x0000000787200000,0x00000007977a0000,0x00000007a3900000)
  to   space 465920K, 0% used [0x00000007a3900000,0x00000007a3900000,0x00000007c0000000)
 ParOldGen       total 2519552K, used 2337326K [0x00000006c0000000, 0x0000000759c80000, 0x000000076ab00000)
  object space 2519552K, 92% used [0x00000006c0000000,0x000000074ea8b998,0x0000000759c80000)
 Metaspace       used 5131K, capacity 5254K, committed 5504K, reserved 1056768K
  class space    used 574K, capacity 625K, committed 640K, reserved 1048576K
}
Event: 27.554 GC heap before
{Heap before GC invocations=26 (full 8):
 PSYoungGen      total 931840K, used 267904K [0x000000076ab00000, 0x00000007c0000000, 0x00000007c0000000)
  eden space 465920K, 0% used [0x000000076ab00000,0x000000076ab00000,0x0000000787200000)
  from space 465920K, 57% used [0x0000000787200000,0x00000007977a0000,0x00000007a3900000)
  to   space 465920K, 0% used [0x00000007a3900000,0x00000007a3900000,0x00000007c0000000)
 ParOldGen       total 2519552K, used 2337326K [0x00000006c0000000, 0x0000000759c80000, 0x000000076ab00000)
  object space 2519552K, 92% used [0x00000006c0000000,0x000000074ea8b998,0x0000000759c80000)
 Metaspace       used 5131K, capacity 5254K, committed 5504K, reserved 1056768K
  class space    used 574K, capacity 625K, committed 640K, reserved 1048576K
Event: 36.055 GC heap after
Heap after GC invocations=26 (full 8):
 PSYoungGen      total 931840K, used 83470K [0x000000076ab00000, 0x00000007c0000000, 0x00000007c0000000)
  eden space 465920K, 0% used [0x000000076ab00000,0x000000076ab00000,0x0000000787200000)
  from space 465920K, 17% used [0x0000000787200000,0x000000078c383878,0x00000007a3900000)
  to   space 465920K, 0% used [0x00000007a3900000,0x00000007a3900000,0x00000007c0000000)
 ParOldGen       total 2796544K, used 2519352K [0x00000006c0000000, 0x000000076ab00000, 0x000000076ab00000)
  object space 2796544K, 90% used [0x00000006c0000000,0x0000000759c4e208,0x000000076ab00000)
 Metaspace       used 5131K, capacity 5254K, committed 5504K, reserved 1056768K
  class space    used 574K, capacity 625K, committed 640K, reserved 1048576K
}
Event: 36.358 GC heap before
{Heap before GC invocations=27 (full 9):
 PSYoungGen      total 931840K, used 549390K [0x000000076ab00000, 0x00000007c0000000, 0x00000007c0000000)
  eden space 465920K, 100% used [0x000000076ab00000,0x0000000787200000,0x0000000787200000)
  from space 465920K, 17% used [0x0000000787200000,0x000000078c383878,0x00000007a3900000)
  to   space 465920K, 0% used [0x00000007a3900000,0x00000007a3900000,0x00000007c0000000)
 ParOldGen       total 2796544K, used 2519352K [0x00000006c0000000, 0x000000076ab00000, 0x000000076ab00000)
  object space 2796544K, 90% used [0x00000006c0000000,0x0000000759c4e208,0x000000076ab00000)
 Metaspace       used 5131K, capacity 5254K, committed 5504K, reserved 1056768K
  class space    used 574K, capacity 625K, committed 640K, reserved 1048576K
Event: 82.326 GC heap after
Heap after GC invocations=27 (full 9):
 PSYoungGen      total 931840K, used 74254K [0x000000076ab00000, 0x00000007c0000000, 0x00000007c0000000)
  eden space 465920K, 0% used [0x000000076ab00000,0x000000076ab00000,0x0000000787200000)
  from space 465920K, 15% used [0x0000000787200000,0x000000078ba83848,0x00000007a3900000)
  to   space 465920K, 0% used [0x00000007a3900000,0x00000007a3900000,0x00000007c0000000)
 ParOldGen       total 2796544K, used 2796209K [0x00000006c0000000, 0x000000076ab00000, 0x000000076ab00000)
  object space 2796544K, 99% used [0x00000006c0000000,0x000000076aaac400,0x000000076ab00000)
 Metaspace       used 5131K, capacity 5254K, committed 5504K, reserved 1056768K
  class space    used 574K, capacity 625K, committed 640K, reserved 1048576K
}
Event: 83.199 GC heap before
{Heap before GC invocations=28 (full 10):
 PSYoungGen      total 931840K, used 540174K [0x000000076ab00000, 0x00000007c0000000, 0x00000007c0000000)
  eden space 465920K, 100% used [0x000000076ab00000,0x0000000787200000,0x0000000787200000)
  from space 465920K, 15% used [0x0000000787200000,0x000000078ba83848,0x00000007a3900000)
  to   space 465920K, 0% used [0x00000007a3900000,0x00000007a3900000,0x00000007c0000000)
 ParOldGen       total 2796544K, used 2796209K [0x00000006c0000000, 0x000000076ab00000, 0x000000076ab00000)
  object space 2796544K, 99% used [0x00000006c0000000,0x000000076aaac400,0x000000076ab00000)
 Metaspace       used 5131K, capacity 5254K, committed 5504K, reserved 1056768K
  class space    used 574K, capacity 625K, committed 640K, reserved 1048576K

